<?xml version="1.0" encoding="UTF-8"?>
<coverage generated="1762995492139" clover="3.2.0">
  <project timestamp="1762995492139" name="All files">
    <metrics statements="115" coveredstatements="113" conditionals="38" coveredconditionals="34" methods="69" coveredmethods="66" elements="222" coveredelements="213" complexity="0" loc="115" ncloc="115" packages="7" files="20" classes="20"/>
    <package name="src">
      <metrics statements="1" coveredstatements="1" conditionals="0" coveredconditionals="0" methods="1" coveredmethods="1"/>
      <file name="App.tsx" path="/Users/rto/work/chatbot-web/src/App.tsx">
        <metrics statements="1" coveredstatements="1" conditionals="0" coveredconditionals="0" methods="1" coveredmethods="1"/>
        <line num="7" count="2" type="stmt"/>
      </file>
    </package>
    <package name="src.assets">
      <metrics statements="0" coveredstatements="0" conditionals="0" coveredconditionals="0" methods="0" coveredmethods="0"/>
      <file name="logo.png" path="/Users/rto/work/chatbot-web/src/assets/logo.png">
        <metrics statements="0" coveredstatements="0" conditionals="0" coveredconditionals="0" methods="0" coveredmethods="0"/>
      </file>
    </package>
    <package name="src.components">
      <metrics statements="23" coveredstatements="22" conditionals="14" coveredconditionals="12" methods="19" coveredmethods="18"/>
      <file name="Highlighted.tsx" path="/Users/rto/work/chatbot-web/src/components/Highlighted.tsx">
        <metrics statements="7" coveredstatements="7" conditionals="4" coveredconditionals="4" methods="4" coveredmethods="4"/>
        <line num="4" count="87" type="stmt"/>
        <line num="8" count="112" type="stmt"/>
        <line num="9" count="112" type="cond" truecount="2" falsecount="0"/>
        <line num="10" count="87" type="stmt"/>
        <line num="11" count="87" type="stmt"/>
        <line num="14" count="873" type="cond" truecount="2" falsecount="0"/>
        <line num="24" count="112" type="stmt"/>
      </file>
      <file name="Layout.tsx" path="/Users/rto/work/chatbot-web/src/components/Layout.tsx">
        <metrics statements="3" coveredstatements="3" conditionals="2" coveredconditionals="1" methods="3" coveredmethods="3"/>
        <line num="8" count="7" type="stmt"/>
        <line num="9" count="7" type="stmt"/>
        <line num="11" count="2" type="stmt"/>
      </file>
      <file name="Navbar.tsx" path="/Users/rto/work/chatbot-web/src/components/Navbar.tsx">
        <metrics statements="8" coveredstatements="7" conditionals="2" coveredconditionals="2" methods="7" coveredmethods="6"/>
        <line num="7" count="155" type="stmt"/>
        <line num="8" count="155" type="stmt"/>
        <line num="9" count="155" type="stmt"/>
        <line num="10" count="121" type="stmt"/>
        <line num="12" count="40" type="stmt"/>
        <line num="13" count="0" type="stmt"/>
        <line num="16" count="40" type="stmt"/>
        <line num="41" count="33" type="stmt"/>
      </file>
      <file name="SideMenu.tsx" path="/Users/rto/work/chatbot-web/src/components/SideMenu.tsx">
        <metrics statements="5" coveredstatements="5" conditionals="6" coveredconditionals="5" methods="5" coveredmethods="5"/>
        <line num="5" count="7" type="stmt"/>
        <line num="6" count="7" type="stmt"/>
        <line num="8" count="2" type="stmt"/>
        <line num="18" count="5" type="cond" truecount="2" falsecount="0"/>
        <line num="26" count="5" type="cond" truecount="2" falsecount="0"/>
      </file>
    </package>
    <package name="src.components.chat">
      <metrics statements="21" coveredstatements="21" conditionals="8" coveredconditionals="8" methods="9" coveredmethods="9"/>
      <file name="ChatHeader.tsx" path="/Users/rto/work/chatbot-web/src/components/chat/ChatHeader.tsx">
        <metrics statements="9" coveredstatements="9" conditionals="0" coveredconditionals="0" methods="3" coveredmethods="3"/>
        <line num="5" count="19" type="stmt"/>
        <line num="6" count="19" type="stmt"/>
        <line num="8" count="19" type="stmt"/>
        <line num="9" count="1" type="stmt"/>
        <line num="10" count="1" type="stmt"/>
        <line num="13" count="19" type="stmt"/>
        <line num="15" count="1" type="stmt"/>
        <line num="16" count="1" type="stmt"/>
        <line num="19" count="19" type="stmt"/>
      </file>
      <file name="ChatInput.tsx" path="/Users/rto/work/chatbot-web/src/components/chat/ChatInput.tsx">
        <metrics statements="3" coveredstatements="3" conditionals="0" coveredconditionals="0" methods="2" coveredmethods="2"/>
        <line num="4" count="42" type="stmt"/>
        <line num="6" count="42" type="stmt"/>
        <line num="12" count="21" type="stmt"/>
      </file>
      <file name="ChatMessages.tsx" path="/Users/rto/work/chatbot-web/src/components/chat/ChatMessages.tsx">
        <metrics statements="5" coveredstatements="5" conditionals="6" coveredconditionals="6" methods="3" coveredmethods="3"/>
        <line num="5" count="64" type="stmt"/>
        <line num="6" count="18" type="stmt"/>
        <line num="8" count="18" type="stmt"/>
        <line num="10" count="18" type="stmt"/>
        <line num="22" count="14" type="stmt"/>
      </file>
      <file name="ChatWindow.tsx" path="/Users/rto/work/chatbot-web/src/components/chat/ChatWindow.tsx">
        <metrics statements="4" coveredstatements="4" conditionals="2" coveredconditionals="2" methods="1" coveredmethods="1"/>
        <line num="7" count="19" type="stmt"/>
        <line num="9" count="19" type="cond" truecount="2" falsecount="0"/>
        <line num="10" count="4" type="stmt"/>
        <line num="17" count="15" type="stmt"/>
      </file>
    </package>
    <package name="src.hooks">
      <metrics statements="39" coveredstatements="39" conditionals="10" coveredconditionals="9" methods="19" coveredmethods="19"/>
      <file name="useAutoScroll.ts" path="/Users/rto/work/chatbot-web/src/hooks/useAutoScroll.ts">
        <metrics statements="4" coveredstatements="4" conditionals="0" coveredconditionals="0" methods="2" coveredmethods="2"/>
        <line num="8" count="18" type="stmt"/>
        <line num="10" count="18" type="stmt"/>
        <line num="11" count="17" type="stmt"/>
        <line num="14" count="18" type="stmt"/>
      </file>
      <file name="useChatInput.ts" path="/Users/rto/work/chatbot-web/src/hooks/useChatInput.ts">
        <metrics statements="11" coveredstatements="11" conditionals="6" coveredconditionals="6" methods="4" coveredmethods="4"/>
        <line num="9" count="42" type="stmt"/>
        <line num="10" count="137" type="stmt"/>
        <line num="12" count="42" type="stmt"/>
        <line num="13" count="8" type="cond" truecount="2" falsecount="0"/>
        <line num="14" count="6" type="stmt"/>
        <line num="15" count="6" type="stmt"/>
        <line num="18" count="42" type="stmt"/>
        <line num="19" count="22" type="cond" truecount="4" falsecount="0"/>
        <line num="20" count="5" type="stmt"/>
        <line num="21" count="5" type="stmt"/>
        <line num="25" count="42" type="stmt"/>
      </file>
      <file name="useContentLoader.ts" path="/Users/rto/work/chatbot-web/src/hooks/useContentLoader.ts">
        <metrics statements="5" coveredstatements="5" conditionals="0" coveredconditionals="0" methods="3" coveredmethods="3"/>
        <line num="8" count="31" type="stmt"/>
        <line num="10" count="31" type="stmt"/>
        <line num="11" count="5" type="stmt"/>
        <line num="12" count="5" type="stmt"/>
        <line num="16" count="31" type="stmt"/>
      </file>
      <file name="useElapsedTimer.ts" path="/Users/rto/work/chatbot-web/src/hooks/useElapsedTimer.ts">
        <metrics statements="12" coveredstatements="12" conditionals="2" coveredconditionals="1" methods="5" coveredmethods="5"/>
        <line num="8" count="19" type="stmt"/>
        <line num="9" count="19" type="stmt"/>
        <line num="10" count="19" type="stmt"/>
        <line num="12" count="19" type="stmt"/>
        <line num="13" count="9" type="stmt"/>
        <line num="14" count="8" type="stmt"/>
        <line num="16" count="9" type="stmt"/>
        <line num="17" count="9" type="cond" truecount="1" falsecount="1"/>
        <line num="21" count="19" type="stmt"/>
        <line num="22" count="2" type="stmt"/>
        <line num="23" count="2" type="stmt"/>
        <line num="26" count="19" type="stmt"/>
      </file>
      <file name="useFilteredContent.ts" path="/Users/rto/work/chatbot-web/src/hooks/useFilteredContent.ts">
        <metrics statements="7" coveredstatements="7" conditionals="2" coveredconditionals="2" methods="5" coveredmethods="5"/>
        <line num="8" count="31" type="stmt"/>
        <line num="9" count="23" type="stmt"/>
        <line num="13" count="31" type="stmt"/>
        <line num="14" count="31" type="cond" truecount="2" falsecount="0"/>
        <line num="15" count="21" type="stmt"/>
        <line num="16" count="158" type="stmt"/>
        <line num="19" count="31" type="stmt"/>
      </file>
    </package>
    <package name="src.pages">
      <metrics statements="10" coveredstatements="10" conditionals="4" coveredconditionals="4" methods="6" coveredmethods="6"/>
      <file name="Apps.tsx" path="/Users/rto/work/chatbot-web/src/pages/Apps.tsx">
        <metrics statements="5" coveredstatements="5" conditionals="2" coveredconditionals="2" methods="3" coveredmethods="3"/>
        <line num="7" count="16" type="stmt"/>
        <line num="8" count="61" type="stmt"/>
        <line num="9" count="16" type="stmt"/>
        <line num="11" count="16" type="stmt"/>
        <line num="16" count="56" type="stmt"/>
      </file>
      <file name="Documents.tsx" path="/Users/rto/work/chatbot-web/src/pages/Documents.tsx">
        <metrics statements="5" coveredstatements="5" conditionals="2" coveredconditionals="2" methods="3" coveredmethods="3"/>
        <line num="7" count="15" type="stmt"/>
        <line num="8" count="57" type="stmt"/>
        <line num="9" count="15" type="stmt"/>
        <line num="11" count="15" type="stmt"/>
        <line num="16" count="53" type="stmt"/>
      </file>
    </package>
    <package name="src.store">
      <metrics statements="21" coveredstatements="20" conditionals="2" coveredconditionals="1" methods="15" coveredmethods="13"/>
      <file name="chat.ts" path="/Users/rto/work/chatbot-web/src/store/chat.ts">
        <metrics statements="15" coveredstatements="15" conditionals="2" coveredconditionals="1" methods="8" coveredmethods="8"/>
        <line num="4" count="5" type="stmt"/>
        <line num="13" count="9" type="stmt"/>
        <line num="25" count="5" type="stmt"/>
        <line num="28" count="2" type="stmt"/>
        <line num="29" count="1" type="stmt"/>
        <line num="30" count="1" type="stmt"/>
        <line num="32" count="6" type="stmt"/>
        <line num="33" count="6" type="cond" truecount="1" falsecount="1"/>
        <line num="34" count="6" type="stmt"/>
        <line num="40" count="6" type="stmt"/>
        <line num="43" count="6" type="stmt"/>
        <line num="44" count="6" type="stmt"/>
        <line num="46" count="3" type="stmt"/>
        <line num="48" count="3" type="stmt"/>
        <line num="54" count="3" type="stmt"/>
      </file>
      <file name="search.ts" path="/Users/rto/work/chatbot-web/src/store/search.ts">
        <metrics statements="3" coveredstatements="3" conditionals="0" coveredconditionals="0" methods="3" coveredmethods="3"/>
        <line num="9" count="4" type="stmt"/>
        <line num="11" count="33" type="stmt"/>
        <line num="12" count="2" type="stmt"/>
      </file>
      <file name="ui.ts" path="/Users/rto/work/chatbot-web/src/store/ui.ts">
        <metrics statements="3" coveredstatements="2" conditionals="0" coveredconditionals="0" methods="4" coveredmethods="2"/>
        <line num="9" count="4" type="stmt"/>
        <line num="11" count="1" type="stmt"/>
        <line num="12" count="0" type="stmt"/>
      </file>
    </package>
  </project>
</coverage>
