{"/Users/rto/work/chatbot-web/src/App.tsx": {"path":"/Users/rto/work/chatbot-web/src/App.tsx","statementMap":{"0":{"start":{"line":7,"column":2},"end":{"line":14,"column":null}}},"fnMap":{"0":{"name":"App","decl":{"start":{"line":6,"column":24},"end":{"line":6,"column":30}},"loc":{"start":{"line":6,"column":30},"end":{"line":16,"column":null}},"line":6}},"branchMap":{},"s":{"0":2},"f":{"0":2},"b":{},"meta":{"lastBranch":0,"lastFunction":1,"lastStatement":1,"seen":{"f:6:24:6:30":0,"s:7:2:14:Infinity":0}}}
,"/Users/rto/work/chatbot-web/src/assets/logo.png": {"path":"/Users/rto/work/chatbot-web/src/assets/logo.png","statementMap":{},"fnMap":{},"branchMap":{},"s":{},"f":{},"b":{},"meta":{"lastBranch":0,"lastFunction":0,"lastStatement":0,"seen":{}}}
,"/Users/rto/work/chatbot-web/src/components/Highlighted.tsx": {"path":"/Users/rto/work/chatbot-web/src/components/Highlighted.tsx","statementMap":{"0":{"start":{"line":4,"column":2},"end":{"line":4,"column":null}},"1":{"start":{"line":8,"column":8},"end":{"line":22,"column":null}},"2":{"start":{"line":9,"column":4},"end":{"line":9,"column":null}},"3":{"start":{"line":9,"column":23},"end":{"line":9,"column":null}},"4":{"start":{"line":10,"column":18},"end":{"line":10,"column":null}},"5":{"start":{"line":11,"column":4},"end":{"line":20,"column":null}},"6":{"start":{"line":14,"column":10},"end":{"line":17,"column":null}},"7":{"start":{"line":24,"column":2},"end":{"line":24,"column":null}}},"fnMap":{"0":{"name":"escapeRegExp","decl":{"start":{"line":3,"column":9},"end":{"line":3,"column":22}},"loc":{"start":{"line":3,"column":35},"end":{"line":5,"column":null}},"line":3},"1":{"name":"Highlighted","decl":{"start":{"line":7,"column":9},"end":{"line":7,"column":21}},"loc":{"start":{"line":7,"column":71},"end":{"line":25,"column":null}},"line":7},"2":{"name":"(anonymous_2)","decl":{"start":{"line":8,"column":37},"end":{"line":8,"column":43}},"loc":{"start":{"line":8,"column":43},"end":{"line":22,"column":5}},"line":8},"3":{"name":"(anonymous_3)","decl":{"start":{"line":13,"column":19},"end":{"line":13,"column":20}},"loc":{"start":{"line":14,"column":10},"end":{"line":17,"column":null}},"line":14}},"branchMap":{"0":{"loc":{"start":{"line":9,"column":4},"end":{"line":9,"column":null}},"type":"if","locations":[{"start":{"line":9,"column":4},"end":{"line":9,"column":null}},{"start":{},"end":{}}],"line":9},"1":{"loc":{"start":{"line":14,"column":10},"end":{"line":17,"column":null}},"type":"cond-expr","locations":[{"start":{"line":15,"column":12},"end":{"line":15,"column":null}},{"start":{"line":17,"column":12},"end":{"line":17,"column":null}}],"line":14}},"s":{"0":87,"1":112,"2":112,"3":25,"4":87,"5":87,"6":873,"7":112},"f":{"0":87,"1":112,"2":112,"3":873},"b":{"0":[25,87],"1":[393,480]},"meta":{"lastBranch":2,"lastFunction":4,"lastStatement":8,"seen":{"f:3:9:3:22":0,"s:4:2:4:Infinity":0,"f:7:9:7:21":1,"s:8:8:22:Infinity":1,"f:8:37:8:43":2,"b:9:4:9:Infinity:undefined:undefined:undefined:undefined":0,"s:9:4:9:Infinity":2,"s:9:23:9:Infinity":3,"s:10:18:10:Infinity":4,"s:11:4:20:Infinity":5,"f:13:19:13:20":3,"s:14:10:17:Infinity":6,"b:15:12:15:Infinity:17:12:17:Infinity":1,"s:24:2:24:Infinity":7}}}
,"/Users/rto/work/chatbot-web/src/components/Layout.tsx": {"path":"/Users/rto/work/chatbot-web/src/components/Layout.tsx","statementMap":{"0":{"start":{"line":8,"column":8},"end":{"line":8,"column":null}},"1":{"start":{"line":8,"column":40},"end":{"line":8,"column":53}},"2":{"start":{"line":9,"column":8},"end":{"line":9,"column":null}},"3":{"start":{"line":9,"column":41},"end":{"line":9,"column":55}},"4":{"start":{"line":11,"column":2},"end":{"line":22,"column":null}}},"fnMap":{"0":{"name":"Layout","decl":{"start":{"line":7,"column":24},"end":{"line":7,"column":33}},"loc":{"start":{"line":7,"column":33},"end":{"line":24,"column":null}},"line":7},"1":{"name":"(anonymous_1)","decl":{"start":{"line":8,"column":33},"end":{"line":8,"column":34}},"loc":{"start":{"line":8,"column":40},"end":{"line":8,"column":53}},"line":8},"2":{"name":"(anonymous_2)","decl":{"start":{"line":9,"column":34},"end":{"line":9,"column":35}},"loc":{"start":{"line":9,"column":41},"end":{"line":9,"column":55}},"line":9}},"branchMap":{"0":{"loc":{"start":{"line":15,"column":7},"end":{"line":16,"column":null}},"type":"binary-expr","locations":[{"start":{"line":15,"column":7},"end":{"line":15,"column":null}},{"start":{"line":16,"column":8},"end":{"line":16,"column":null}}],"line":15}},"s":{"0":2,"1":7,"2":2,"3":7,"4":2},"f":{"0":2,"1":7,"2":7},"b":{"0":[2,0]},"meta":{"lastBranch":1,"lastFunction":3,"lastStatement":5,"seen":{"f:7:24:7:33":0,"s:8:8:8:Infinity":0,"f:8:33:8:34":1,"s:8:40:8:53":1,"s:9:8:9:Infinity":2,"f:9:34:9:35":2,"s:9:41:9:55":3,"s:11:2:22:Infinity":4,"b:15:7:15:Infinity:16:8:16:Infinity":0}}}
,"/Users/rto/work/chatbot-web/src/components/Navbar.tsx": {"path":"/Users/rto/work/chatbot-web/src/components/Navbar.tsx","statementMap":{"0":{"start":{"line":7,"column":8},"end":{"line":7,"column":null}},"1":{"start":{"line":7,"column":38},"end":{"line":7,"column":45}},"2":{"start":{"line":8,"column":8},"end":{"line":8,"column":null}},"3":{"start":{"line":8,"column":41},"end":{"line":8,"column":51}},"4":{"start":{"line":9,"column":8},"end":{"line":9,"column":null}},"5":{"start":{"line":9,"column":38},"end":{"line":9,"column":45}},"6":{"start":{"line":10,"column":8},"end":{"line":10,"column":null}},"7":{"start":{"line":10,"column":42},"end":{"line":10,"column":57}},"8":{"start":{"line":12,"column":19},"end":{"line":14,"column":null}},"9":{"start":{"line":13,"column":4},"end":{"line":13,"column":null}},"10":{"start":{"line":16,"column":2},"end":{"line":56,"column":null}},"11":{"start":{"line":41,"column":29},"end":{"line":41,"column":null}}},"fnMap":{"0":{"name":"Navbar","decl":{"start":{"line":6,"column":24},"end":{"line":6,"column":33}},"loc":{"start":{"line":6,"column":33},"end":{"line":58,"column":null}},"line":6},"1":{"name":"(anonymous_1)","decl":{"start":{"line":7,"column":31},"end":{"line":7,"column":32}},"loc":{"start":{"line":7,"column":38},"end":{"line":7,"column":45}},"line":7},"2":{"name":"(anonymous_2)","decl":{"start":{"line":8,"column":34},"end":{"line":8,"column":35}},"loc":{"start":{"line":8,"column":41},"end":{"line":8,"column":51}},"line":8},"3":{"name":"(anonymous_3)","decl":{"start":{"line":9,"column":31},"end":{"line":9,"column":32}},"loc":{"start":{"line":9,"column":38},"end":{"line":9,"column":45}},"line":9},"4":{"name":"(anonymous_4)","decl":{"start":{"line":10,"column":35},"end":{"line":10,"column":36}},"loc":{"start":{"line":10,"column":42},"end":{"line":10,"column":57}},"line":10},"5":{"name":"(anonymous_5)","decl":{"start":{"line":12,"column":19},"end":{"line":12,"column":20}},"loc":{"start":{"line":12,"column":37},"end":{"line":14,"column":null}},"line":12},"6":{"name":"(anonymous_6)","decl":{"start":{"line":41,"column":22},"end":{"line":41,"column":23}},"loc":{"start":{"line":41,"column":29},"end":{"line":41,"column":null}},"line":41}},"branchMap":{"0":{"loc":{"start":{"line":43,"column":11},"end":{"line":52,"column":null}},"type":"binary-expr","locations":[{"start":{"line":43,"column":11},"end":{"line":43,"column":null}},{"start":{"line":44,"column":12},"end":{"line":52,"column":null}}],"line":43}},"s":{"0":40,"1":155,"2":40,"3":155,"4":40,"5":155,"6":40,"7":121,"8":40,"9":0,"10":40,"11":33},"f":{"0":40,"1":155,"2":155,"3":155,"4":121,"5":0,"6":33},"b":{"0":[40,33]},"meta":{"lastBranch":1,"lastFunction":7,"lastStatement":12,"seen":{"f:6:24:6:33":0,"s:7:8:7:Infinity":0,"f:7:31:7:32":1,"s:7:38:7:45":1,"s:8:8:8:Infinity":2,"f:8:34:8:35":2,"s:8:41:8:51":3,"s:9:8:9:Infinity":4,"f:9:31:9:32":3,"s:9:38:9:45":5,"s:10:8:10:Infinity":6,"f:10:35:10:36":4,"s:10:42:10:57":7,"s:12:19:14:Infinity":8,"f:12:19:12:20":5,"s:13:4:13:Infinity":9,"s:16:2:56:Infinity":10,"f:41:22:41:23":6,"s:41:29:41:Infinity":11,"b:43:11:43:Infinity:44:12:52:Infinity":0}}}
,"/Users/rto/work/chatbot-web/src/components/SideMenu.tsx": {"path":"/Users/rto/work/chatbot-web/src/components/SideMenu.tsx","statementMap":{"0":{"start":{"line":5,"column":8},"end":{"line":5,"column":null}},"1":{"start":{"line":5,"column":40},"end":{"line":5,"column":53}},"2":{"start":{"line":6,"column":8},"end":{"line":6,"column":null}},"3":{"start":{"line":6,"column":41},"end":{"line":6,"column":55}},"4":{"start":{"line":8,"column":2},"end":{"line":32,"column":null}},"5":{"start":{"line":18,"column":42},"end":{"line":18,"column":null}},"6":{"start":{"line":26,"column":42},"end":{"line":26,"column":null}}},"fnMap":{"0":{"name":"SideMenu","decl":{"start":{"line":4,"column":24},"end":{"line":4,"column":35}},"loc":{"start":{"line":4,"column":35},"end":{"line":34,"column":null}},"line":4},"1":{"name":"(anonymous_1)","decl":{"start":{"line":5,"column":33},"end":{"line":5,"column":34}},"loc":{"start":{"line":5,"column":40},"end":{"line":5,"column":53}},"line":5},"2":{"name":"(anonymous_2)","decl":{"start":{"line":6,"column":34},"end":{"line":6,"column":35}},"loc":{"start":{"line":6,"column":41},"end":{"line":6,"column":55}},"line":6},"3":{"name":"(anonymous_3)","decl":{"start":{"line":18,"column":23},"end":{"line":18,"column":24}},"loc":{"start":{"line":18,"column":42},"end":{"line":18,"column":null}},"line":18},"4":{"name":"(anonymous_4)","decl":{"start":{"line":26,"column":23},"end":{"line":26,"column":24}},"loc":{"start":{"line":26,"column":42},"end":{"line":26,"column":null}},"line":26}},"branchMap":{"0":{"loc":{"start":{"line":11,"column":29},"end":{"line":11,"column":54}},"type":"cond-expr","locations":[{"start":{"line":11,"column":43},"end":{"line":11,"column":52}},{"start":{"line":11,"column":52},"end":{"line":11,"column":54}}],"line":11},"1":{"loc":{"start":{"line":18,"column":42},"end":{"line":18,"column":null}},"type":"cond-expr","locations":[{"start":{"line":18,"column":53},"end":{"line":18,"column":64}},{"start":{"line":18,"column":64},"end":{"line":18,"column":null}}],"line":18},"2":{"loc":{"start":{"line":26,"column":42},"end":{"line":26,"column":null}},"type":"cond-expr","locations":[{"start":{"line":26,"column":53},"end":{"line":26,"column":64}},{"start":{"line":26,"column":64},"end":{"line":26,"column":null}}],"line":26}},"s":{"0":2,"1":7,"2":2,"3":7,"4":2,"5":5,"6":5},"f":{"0":2,"1":7,"2":7,"3":5,"4":5},"b":{"0":[0,2],"1":[2,3],"2":[1,4]},"meta":{"lastBranch":3,"lastFunction":5,"lastStatement":7,"seen":{"f:4:24:4:35":0,"s:5:8:5:Infinity":0,"f:5:33:5:34":1,"s:5:40:5:53":1,"s:6:8:6:Infinity":2,"f:6:34:6:35":2,"s:6:41:6:55":3,"s:8:2:32:Infinity":4,"b:11:43:11:52:11:52:11:54":0,"f:18:23:18:24":3,"s:18:42:18:Infinity":5,"b:18:53:18:64:18:64:18:Infinity":1,"f:26:23:26:24":4,"s:26:42:26:Infinity":6,"b:26:53:26:64:26:64:26:Infinity":2}}}
,"/Users/rto/work/chatbot-web/src/components/chat/ChatHeader.tsx": {"path":"/Users/rto/work/chatbot-web/src/components/chat/ChatHeader.tsx","statementMap":{"0":{"start":{"line":5,"column":23},"end":{"line":5,"column":null}},"1":{"start":{"line":6,"column":37},"end":{"line":6,"column":null}},"2":{"start":{"line":8,"column":18},"end":{"line":11,"column":null}},"3":{"start":{"line":9,"column":4},"end":{"line":9,"column":null}},"4":{"start":{"line":10,"column":4},"end":{"line":10,"column":null}},"5":{"start":{"line":13,"column":18},"end":{"line":17,"column":null}},"6":{"start":{"line":15,"column":4},"end":{"line":15,"column":null}},"7":{"start":{"line":16,"column":4},"end":{"line":16,"column":null}},"8":{"start":{"line":19,"column":2},"end":{"line":33,"column":null}}},"fnMap":{"0":{"name":"ChatHeader","decl":{"start":{"line":4,"column":24},"end":{"line":4,"column":37}},"loc":{"start":{"line":4,"column":37},"end":{"line":35,"column":null}},"line":4},"1":{"name":"(anonymous_1)","decl":{"start":{"line":8,"column":18},"end":{"line":8,"column":24}},"loc":{"start":{"line":8,"column":24},"end":{"line":11,"column":null}},"line":8},"2":{"name":"(anonymous_2)","decl":{"start":{"line":13,"column":18},"end":{"line":13,"column":24}},"loc":{"start":{"line":13,"column":24},"end":{"line":17,"column":null}},"line":13}},"branchMap":{},"s":{"0":19,"1":19,"2":19,"3":1,"4":1,"5":19,"6":1,"7":1,"8":19},"f":{"0":19,"1":1,"2":1},"b":{},"meta":{"lastBranch":0,"lastFunction":3,"lastStatement":9,"seen":{"f:4:24:4:37":0,"s:5:23:5:Infinity":0,"s:6:37:6:Infinity":1,"s:8:18:11:Infinity":2,"f:8:18:8:24":1,"s:9:4:9:Infinity":3,"s:10:4:10:Infinity":4,"s:13:18:17:Infinity":5,"f:13:18:13:24":2,"s:15:4:15:Infinity":6,"s:16:4:16:Infinity":7,"s:19:2:33:Infinity":8}}}
,"/Users/rto/work/chatbot-web/src/components/chat/ChatInput.tsx": {"path":"/Users/rto/work/chatbot-web/src/components/chat/ChatInput.tsx","statementMap":{"0":{"start":{"line":4,"column":49},"end":{"line":4,"column":null}},"1":{"start":{"line":6,"column":2},"end":{"line":18,"column":null}},"2":{"start":{"line":12,"column":25},"end":{"line":12,"column":null}}},"fnMap":{"0":{"name":"ChatInput","decl":{"start":{"line":3,"column":24},"end":{"line":3,"column":36}},"loc":{"start":{"line":3,"column":36},"end":{"line":20,"column":null}},"line":3},"1":{"name":"(anonymous_1)","decl":{"start":{"line":12,"column":18},"end":{"line":12,"column":19}},"loc":{"start":{"line":12,"column":25},"end":{"line":12,"column":null}},"line":12}},"branchMap":{},"s":{"0":42,"1":42,"2":21},"f":{"0":42,"1":21},"b":{},"meta":{"lastBranch":0,"lastFunction":2,"lastStatement":3,"seen":{"f:3:24:3:36":0,"s:4:49:4:Infinity":0,"s:6:2:18:Infinity":1,"f:12:18:12:19":1,"s:12:25:12:Infinity":2}}}
,"/Users/rto/work/chatbot-web/src/components/chat/ChatMessages.tsx": {"path":"/Users/rto/work/chatbot-web/src/components/chat/ChatMessages.tsx","statementMap":{"0":{"start":{"line":5,"column":8},"end":{"line":5,"column":null}},"1":{"start":{"line":5,"column":39},"end":{"line":5,"column":49}},"2":{"start":{"line":6,"column":8},"end":{"line":6,"column":null}},"3":{"start":{"line":8,"column":22},"end":{"line":8,"column":null}},"4":{"start":{"line":10,"column":2},"end":{"line":32,"column":null}},"5":{"start":{"line":22,"column":10},"end":{"line":28,"column":null}}},"fnMap":{"0":{"name":"ChatMessages","decl":{"start":{"line":4,"column":24},"end":{"line":4,"column":39}},"loc":{"start":{"line":4,"column":39},"end":{"line":34,"column":null}},"line":4},"1":{"name":"(anonymous_1)","decl":{"start":{"line":5,"column":32},"end":{"line":5,"column":33}},"loc":{"start":{"line":5,"column":39},"end":{"line":5,"column":49}},"line":5},"2":{"name":"(anonymous_2)","decl":{"start":{"line":21,"column":21},"end":{"line":21,"column":22}},"loc":{"start":{"line":22,"column":10},"end":{"line":28,"column":null}},"line":22}},"branchMap":{"0":{"loc":{"start":{"line":12,"column":34},"end":{"line":12,"column":61}},"type":"cond-expr","locations":[{"start":{"line":12,"column":49},"end":{"line":12,"column":59}},{"start":{"line":12,"column":59},"end":{"line":12,"column":61}}],"line":12},"1":{"loc":{"start":{"line":16,"column":7},"end":{"line":29,"column":null}},"type":"cond-expr","locations":[{"start":{"line":17,"column":8},"end":{"line":19,"column":null}},{"start":{"line":21,"column":8},"end":{"line":29,"column":null}}],"line":16},"2":{"loc":{"start":{"line":25,"column":38},"end":{"line":25,"column":74}},"type":"cond-expr","locations":[{"start":{"line":25,"column":58},"end":{"line":25,"column":68}},{"start":{"line":25,"column":68},"end":{"line":25,"column":74}}],"line":25}},"s":{"0":18,"1":64,"2":18,"3":18,"4":18,"5":14},"f":{"0":18,"1":64,"2":14},"b":{"0":[9,9],"1":[9,9],"2":[9,5]},"meta":{"lastBranch":3,"lastFunction":3,"lastStatement":6,"seen":{"f:4:24:4:39":0,"s:5:8:5:Infinity":0,"f:5:32:5:33":1,"s:5:39:5:49":1,"s:6:8:6:Infinity":2,"s:8:22:8:Infinity":3,"s:10:2:32:Infinity":4,"b:12:49:12:59:12:59:12:61":0,"b:17:8:19:Infinity:21:8:29:Infinity":1,"f:21:21:21:22":2,"s:22:10:28:Infinity":5,"b:25:58:25:68:25:68:25:74":2}}}
,"/Users/rto/work/chatbot-web/src/components/chat/ChatWindow.tsx": {"path":"/Users/rto/work/chatbot-web/src/components/chat/ChatWindow.tsx","statementMap":{"0":{"start":{"line":7,"column":23},"end":{"line":7,"column":null}},"1":{"start":{"line":9,"column":2},"end":{"line":15,"column":null}},"2":{"start":{"line":10,"column":4},"end":{"line":13,"column":null}},"3":{"start":{"line":17,"column":2},"end":{"line":27,"column":null}}},"fnMap":{"0":{"name":"ChatWindow","decl":{"start":{"line":6,"column":24},"end":{"line":6,"column":37}},"loc":{"start":{"line":6,"column":37},"end":{"line":29,"column":null}},"line":6}},"branchMap":{"0":{"loc":{"start":{"line":9,"column":2},"end":{"line":15,"column":null}},"type":"if","locations":[{"start":{"line":9,"column":2},"end":{"line":15,"column":null}},{"start":{},"end":{}}],"line":9}},"s":{"0":19,"1":19,"2":4,"3":15},"f":{"0":19},"b":{"0":[4,15]},"meta":{"lastBranch":1,"lastFunction":1,"lastStatement":4,"seen":{"f:6:24:6:37":0,"s:7:23:7:Infinity":0,"b:9:2:15:Infinity:undefined:undefined:undefined:undefined":0,"s:9:2:15:Infinity":1,"s:10:4:13:Infinity":2,"s:17:2:27:Infinity":3}}}
,"/Users/rto/work/chatbot-web/src/hooks/useAutoScroll.ts": {"path":"/Users/rto/work/chatbot-web/src/hooks/useAutoScroll.ts","statementMap":{"0":{"start":{"line":8,"column":8},"end":{"line":8,"column":null}},"1":{"start":{"line":10,"column":2},"end":{"line":12,"column":null}},"2":{"start":{"line":11,"column":4},"end":{"line":11,"column":null}},"3":{"start":{"line":14,"column":2},"end":{"line":14,"column":null}}},"fnMap":{"0":{"name":"useAutoScroll","decl":{"start":{"line":7,"column":16},"end":{"line":7,"column":33}},"loc":{"start":{"line":7,"column":48},"end":{"line":15,"column":null}},"line":7},"1":{"name":"(anonymous_1)","decl":{"start":{"line":10,"column":12},"end":{"line":10,"column":18}},"loc":{"start":{"line":10,"column":18},"end":{"line":12,"column":5}},"line":10}},"branchMap":{},"s":{"0":18,"1":18,"2":17,"3":18},"f":{"0":18,"1":17},"b":{},"meta":{"lastBranch":0,"lastFunction":2,"lastStatement":4,"seen":{"f:7:16:7:33":0,"s:8:8:8:Infinity":0,"s:10:2:12:Infinity":1,"f:10:12:10:18":1,"s:11:4:11:Infinity":2,"s:14:2:14:Infinity":3}}}
,"/Users/rto/work/chatbot-web/src/hooks/useChatInput.ts": {"path":"/Users/rto/work/chatbot-web/src/hooks/useChatInput.ts","statementMap":{"0":{"start":{"line":9,"column":24},"end":{"line":9,"column":null}},"1":{"start":{"line":10,"column":8},"end":{"line":10,"column":null}},"2":{"start":{"line":10,"column":35},"end":{"line":10,"column":52}},"3":{"start":{"line":12,"column":17},"end":{"line":16,"column":null}},"4":{"start":{"line":13,"column":4},"end":{"line":13,"column":null}},"5":{"start":{"line":13,"column":23},"end":{"line":13,"column":null}},"6":{"start":{"line":14,"column":4},"end":{"line":14,"column":null}},"7":{"start":{"line":15,"column":4},"end":{"line":15,"column":null}},"8":{"start":{"line":18,"column":70},"end":{"line":23,"column":null}},"9":{"start":{"line":19,"column":4},"end":{"line":22,"column":null}},"10":{"start":{"line":20,"column":6},"end":{"line":20,"column":null}},"11":{"start":{"line":21,"column":6},"end":{"line":21,"column":null}},"12":{"start":{"line":25,"column":2},"end":{"line":30,"column":null}}},"fnMap":{"0":{"name":"useChatInput","decl":{"start":{"line":8,"column":16},"end":{"line":8,"column":31}},"loc":{"start":{"line":8,"column":31},"end":{"line":31,"column":null}},"line":8},"1":{"name":"(anonymous_1)","decl":{"start":{"line":10,"column":28},"end":{"line":10,"column":29}},"loc":{"start":{"line":10,"column":35},"end":{"line":10,"column":52}},"line":10},"2":{"name":"(anonymous_2)","decl":{"start":{"line":12,"column":17},"end":{"line":12,"column":23}},"loc":{"start":{"line":12,"column":23},"end":{"line":16,"column":null}},"line":12},"3":{"name":"(anonymous_3)","decl":{"start":{"line":18,"column":70},"end":{"line":18,"column":71}},"loc":{"start":{"line":18,"column":77},"end":{"line":23,"column":null}},"line":18}},"branchMap":{"0":{"loc":{"start":{"line":13,"column":4},"end":{"line":13,"column":null}},"type":"if","locations":[{"start":{"line":13,"column":4},"end":{"line":13,"column":null}},{"start":{},"end":{}}],"line":13},"1":{"loc":{"start":{"line":19,"column":4},"end":{"line":22,"column":null}},"type":"if","locations":[{"start":{"line":19,"column":4},"end":{"line":22,"column":null}},{"start":{},"end":{}}],"line":19},"2":{"loc":{"start":{"line":19,"column":8},"end":{"line":19,"column":42}},"type":"binary-expr","locations":[{"start":{"line":19,"column":8},"end":{"line":19,"column":29}},{"start":{"line":19,"column":29},"end":{"line":19,"column":42}}],"line":19}},"s":{"0":42,"1":42,"2":137,"3":42,"4":8,"5":2,"6":6,"7":6,"8":42,"9":22,"10":5,"11":5,"12":42},"f":{"0":42,"1":137,"2":8,"3":22},"b":{"0":[2,6],"1":[5,17],"2":[22,5]},"meta":{"lastBranch":3,"lastFunction":4,"lastStatement":13,"seen":{"f:8:16:8:31":0,"s:9:24:9:Infinity":0,"s:10:8:10:Infinity":1,"f:10:28:10:29":1,"s:10:35:10:52":2,"s:12:17:16:Infinity":3,"f:12:17:12:23":2,"b:13:4:13:Infinity:undefined:undefined:undefined:undefined":0,"s:13:4:13:Infinity":4,"s:13:23:13:Infinity":5,"s:14:4:14:Infinity":6,"s:15:4:15:Infinity":7,"s:18:70:23:Infinity":8,"f:18:70:18:71":3,"b:19:4:22:Infinity:undefined:undefined:undefined:undefined":1,"s:19:4:22:Infinity":9,"b:19:8:19:29:19:29:19:42":2,"s:20:6:20:Infinity":10,"s:21:6:21:Infinity":11,"s:25:2:30:Infinity":12}}}
,"/Users/rto/work/chatbot-web/src/hooks/useContentLoader.ts": {"path":"/Users/rto/work/chatbot-web/src/hooks/useContentLoader.ts","statementMap":{"0":{"start":{"line":8,"column":28},"end":{"line":8,"column":null}},"1":{"start":{"line":10,"column":2},"end":{"line":14,"column":null}},"2":{"start":{"line":11,"column":4},"end":{"line":13,"column":null}},"3":{"start":{"line":12,"column":19},"end":{"line":12,"column":27}},"4":{"start":{"line":16,"column":2},"end":{"line":16,"column":null}}},"fnMap":{"0":{"name":"useContentLoader","decl":{"start":{"line":7,"column":16},"end":{"line":7,"column":33}},"loc":{"start":{"line":7,"column":46},"end":{"line":17,"column":null}},"line":7},"1":{"name":"(anonymous_1)","decl":{"start":{"line":10,"column":12},"end":{"line":10,"column":18}},"loc":{"start":{"line":10,"column":18},"end":{"line":14,"column":5}},"line":10},"2":{"name":"(anonymous_2)","decl":{"start":{"line":12,"column":12},"end":{"line":12,"column":13}},"loc":{"start":{"line":12,"column":19},"end":{"line":12,"column":27}},"line":12}},"branchMap":{},"s":{"0":31,"1":31,"2":5,"3":5,"4":31},"f":{"0":31,"1":5,"2":5},"b":{},"meta":{"lastBranch":0,"lastFunction":3,"lastStatement":5,"seen":{"f:7:16:7:33":0,"s:8:28:8:Infinity":0,"s:10:2:14:Infinity":1,"f:10:12:10:18":1,"s:11:4:13:Infinity":2,"f:12:12:12:13":2,"s:12:19:12:27":3,"s:16:2:16:Infinity":4}}}
,"/Users/rto/work/chatbot-web/src/hooks/useElapsedTimer.ts": {"path":"/Users/rto/work/chatbot-web/src/hooks/useElapsedTimer.ts","statementMap":{"0":{"start":{"line":8,"column":24},"end":{"line":8,"column":null}},"1":{"start":{"line":9,"column":28},"end":{"line":9,"column":null}},"2":{"start":{"line":10,"column":8},"end":{"line":10,"column":null}},"3":{"start":{"line":12,"column":2},"end":{"line":19,"column":null}},"4":{"start":{"line":13,"column":4},"end":{"line":15,"column":null}},"5":{"start":{"line":14,"column":6},"end":{"line":14,"column":null}},"6":{"start":{"line":16,"column":4},"end":{"line":18,"column":null}},"7":{"start":{"line":17,"column":6},"end":{"line":17,"column":null}},"8":{"start":{"line":17,"column":31},"end":{"line":17,"column":null}},"9":{"start":{"line":21,"column":16},"end":{"line":24,"column":null}},"10":{"start":{"line":22,"column":4},"end":{"line":22,"column":null}},"11":{"start":{"line":23,"column":4},"end":{"line":23,"column":null}},"12":{"start":{"line":26,"column":2},"end":{"line":26,"column":null}}},"fnMap":{"0":{"name":"useElapsedTimer","decl":{"start":{"line":7,"column":16},"end":{"line":7,"column":34}},"loc":{"start":{"line":7,"column":34},"end":{"line":27,"column":null}},"line":7},"1":{"name":"(anonymous_1)","decl":{"start":{"line":12,"column":12},"end":{"line":12,"column":18}},"loc":{"start":{"line":12,"column":18},"end":{"line":19,"column":5}},"line":12},"2":{"name":"(anonymous_2)","decl":{"start":{"line":13,"column":45},"end":{"line":13,"column":51}},"loc":{"start":{"line":13,"column":51},"end":{"line":15,"column":7}},"line":13},"3":{"name":"(anonymous_3)","decl":{"start":{"line":16,"column":11},"end":{"line":16,"column":17}},"loc":{"start":{"line":16,"column":17},"end":{"line":18,"column":null}},"line":16},"4":{"name":"(anonymous_4)","decl":{"start":{"line":21,"column":16},"end":{"line":21,"column":22}},"loc":{"start":{"line":21,"column":22},"end":{"line":24,"column":null}},"line":21}},"branchMap":{"0":{"loc":{"start":{"line":17,"column":6},"end":{"line":17,"column":null}},"type":"if","locations":[{"start":{"line":17,"column":6},"end":{"line":17,"column":null}},{"start":{},"end":{}}],"line":17}},"s":{"0":19,"1":19,"2":19,"3":19,"4":9,"5":8,"6":9,"7":9,"8":9,"9":19,"10":2,"11":2,"12":19},"f":{"0":19,"1":9,"2":8,"3":9,"4":2},"b":{"0":[9,0]},"meta":{"lastBranch":1,"lastFunction":5,"lastStatement":13,"seen":{"f:7:16:7:34":0,"s:8:24:8:Infinity":0,"s:9:28:9:Infinity":1,"s:10:8:10:Infinity":2,"s:12:2:19:Infinity":3,"f:12:12:12:18":1,"s:13:4:15:Infinity":4,"f:13:45:13:51":2,"s:14:6:14:Infinity":5,"s:16:4:18:Infinity":6,"f:16:11:16:17":3,"b:17:6:17:Infinity:undefined:undefined:undefined:undefined":0,"s:17:6:17:Infinity":7,"s:17:31:17:Infinity":8,"s:21:16:24:Infinity":9,"f:21:16:21:22":4,"s:22:4:22:Infinity":10,"s:23:4:23:Infinity":11,"s:26:2:26:Infinity":12}}}
,"/Users/rto/work/chatbot-web/src/hooks/useFilteredContent.ts": {"path":"/Users/rto/work/chatbot-web/src/hooks/useFilteredContent.ts","statementMap":{"0":{"start":{"line":8,"column":8},"end":{"line":11,"column":null}},"1":{"start":{"line":9,"column":10},"end":{"line":9,"column":null}},"2":{"start":{"line":9,"column":45},"end":{"line":9,"column":60}},"3":{"start":{"line":13,"column":8},"end":{"line":17,"column":null}},"4":{"start":{"line":14,"column":4},"end":{"line":14,"column":null}},"5":{"start":{"line":14,"column":23},"end":{"line":14,"column":null}},"6":{"start":{"line":15,"column":14},"end":{"line":15,"column":null}},"7":{"start":{"line":16,"column":4},"end":{"line":16,"column":null}},"8":{"start":{"line":16,"column":36},"end":{"line":16,"column":63}},"9":{"start":{"line":19,"column":2},"end":{"line":19,"column":null}}},"fnMap":{"0":{"name":"useFilteredContent","decl":{"start":{"line":7,"column":16},"end":{"line":7,"column":35}},"loc":{"start":{"line":7,"column":67},"end":{"line":20,"column":null}},"line":7},"1":{"name":"(anonymous_1)","decl":{"start":{"line":9,"column":4},"end":{"line":9,"column":10}},"loc":{"start":{"line":9,"column":10},"end":{"line":9,"column":null}},"line":9},"2":{"name":"(anonymous_2)","decl":{"start":{"line":9,"column":38},"end":{"line":9,"column":39}},"loc":{"start":{"line":9,"column":45},"end":{"line":9,"column":60}},"line":9},"3":{"name":"(anonymous_3)","decl":{"start":{"line":13,"column":27},"end":{"line":13,"column":33}},"loc":{"start":{"line":13,"column":33},"end":{"line":17,"column":5}},"line":13},"4":{"name":"(anonymous_4)","decl":{"start":{"line":16,"column":29},"end":{"line":16,"column":30}},"loc":{"start":{"line":16,"column":36},"end":{"line":16,"column":63}},"line":16}},"branchMap":{"0":{"loc":{"start":{"line":14,"column":4},"end":{"line":14,"column":null}},"type":"if","locations":[{"start":{"line":14,"column":4},"end":{"line":14,"column":null}},{"start":{},"end":{}}],"line":14}},"s":{"0":31,"1":9,"2":23,"3":31,"4":31,"5":10,"6":21,"7":21,"8":158,"9":31},"f":{"0":31,"1":9,"2":23,"3":31,"4":158},"b":{"0":[10,21]},"meta":{"lastBranch":1,"lastFunction":5,"lastStatement":10,"seen":{"f:7:16:7:35":0,"s:8:8:11:Infinity":0,"f:9:4:9:10":1,"s:9:10:9:Infinity":1,"f:9:38:9:39":2,"s:9:45:9:60":2,"s:13:8:17:Infinity":3,"f:13:27:13:33":3,"b:14:4:14:Infinity:undefined:undefined:undefined:undefined":0,"s:14:4:14:Infinity":4,"s:14:23:14:Infinity":5,"s:15:14:15:Infinity":6,"s:16:4:16:Infinity":7,"f:16:29:16:30":4,"s:16:36:16:63":8,"s:19:2:19:Infinity":9}}}
,"/Users/rto/work/chatbot-web/src/pages/Apps.tsx": {"path":"/Users/rto/work/chatbot-web/src/pages/Apps.tsx","statementMap":{"0":{"start":{"line":7,"column":8},"end":{"line":7,"column":null}},"1":{"start":{"line":8,"column":8},"end":{"line":8,"column":null}},"2":{"start":{"line":8,"column":38},"end":{"line":8,"column":45}},"3":{"start":{"line":9,"column":8},"end":{"line":9,"column":null}},"4":{"start":{"line":11,"column":2},"end":{"line":20,"column":null}},"5":{"start":{"line":16,"column":8},"end":{"line":18,"column":null}}},"fnMap":{"0":{"name":"Apps","decl":{"start":{"line":6,"column":24},"end":{"line":6,"column":31}},"loc":{"start":{"line":6,"column":31},"end":{"line":22,"column":null}},"line":6},"1":{"name":"(anonymous_1)","decl":{"start":{"line":8,"column":31},"end":{"line":8,"column":32}},"loc":{"start":{"line":8,"column":38},"end":{"line":8,"column":45}},"line":8},"2":{"name":"(anonymous_2)","decl":{"start":{"line":15,"column":20},"end":{"line":15,"column":21}},"loc":{"start":{"line":16,"column":8},"end":{"line":18,"column":null}},"line":16}},"branchMap":{"0":{"loc":{"start":{"line":14,"column":7},"end":{"line":14,"column":null}},"type":"binary-expr","locations":[{"start":{"line":14,"column":7},"end":{"line":14,"column":32}},{"start":{"line":14,"column":32},"end":{"line":14,"column":null}}],"line":14}},"s":{"0":16,"1":16,"2":61,"3":16,"4":16,"5":56},"f":{"0":16,"1":61,"2":56},"b":{"0":[16,3]},"meta":{"lastBranch":1,"lastFunction":3,"lastStatement":6,"seen":{"f:6:24:6:31":0,"s:7:8:7:Infinity":0,"s:8:8:8:Infinity":1,"f:8:31:8:32":1,"s:8:38:8:45":2,"s:9:8:9:Infinity":3,"s:11:2:20:Infinity":4,"b:14:7:14:32:14:32:14:Infinity":0,"f:15:20:15:21":2,"s:16:8:18:Infinity":5}}}
,"/Users/rto/work/chatbot-web/src/pages/Documents.tsx": {"path":"/Users/rto/work/chatbot-web/src/pages/Documents.tsx","statementMap":{"0":{"start":{"line":7,"column":8},"end":{"line":7,"column":null}},"1":{"start":{"line":8,"column":8},"end":{"line":8,"column":null}},"2":{"start":{"line":8,"column":38},"end":{"line":8,"column":45}},"3":{"start":{"line":9,"column":8},"end":{"line":9,"column":null}},"4":{"start":{"line":11,"column":2},"end":{"line":20,"column":null}},"5":{"start":{"line":16,"column":8},"end":{"line":18,"column":null}}},"fnMap":{"0":{"name":"Documents","decl":{"start":{"line":6,"column":24},"end":{"line":6,"column":36}},"loc":{"start":{"line":6,"column":36},"end":{"line":22,"column":null}},"line":6},"1":{"name":"(anonymous_1)","decl":{"start":{"line":8,"column":31},"end":{"line":8,"column":32}},"loc":{"start":{"line":8,"column":38},"end":{"line":8,"column":45}},"line":8},"2":{"name":"(anonymous_2)","decl":{"start":{"line":15,"column":20},"end":{"line":15,"column":21}},"loc":{"start":{"line":16,"column":8},"end":{"line":18,"column":null}},"line":16}},"branchMap":{"0":{"loc":{"start":{"line":14,"column":7},"end":{"line":14,"column":null}},"type":"binary-expr","locations":[{"start":{"line":14,"column":7},"end":{"line":14,"column":32}},{"start":{"line":14,"column":32},"end":{"line":14,"column":null}}],"line":14}},"s":{"0":15,"1":15,"2":57,"3":15,"4":15,"5":53},"f":{"0":15,"1":57,"2":53},"b":{"0":[15,2]},"meta":{"lastBranch":1,"lastFunction":3,"lastStatement":6,"seen":{"f:6:24:6:36":0,"s:7:8:7:Infinity":0,"s:8:8:8:Infinity":1,"f:8:31:8:32":1,"s:8:38:8:45":2,"s:9:8:9:Infinity":3,"s:11:2:20:Infinity":4,"b:14:7:14:32:14:32:14:Infinity":0,"f:15:20:15:21":2,"s:16:8:18:Infinity":5}}}
,"/Users/rto/work/chatbot-web/src/store/chat.ts": {"path":"/Users/rto/work/chatbot-web/src/store/chat.ts","statementMap":{"0":{"start":{"line":4,"column":20},"end":{"line":10,"column":null}},"1":{"start":{"line":13,"column":2},"end":{"line":13,"column":null}},"2":{"start":{"line":25,"column":13},"end":{"line":57,"column":null}},"3":{"start":{"line":25,"column":61},"end":{"line":57,"column":2}},"4":{"start":{"line":28,"column":14},"end":{"line":28,"column":null}},"5":{"start":{"line":29,"column":15},"end":{"line":29,"column":null}},"6":{"start":{"line":30,"column":15},"end":{"line":30,"column":null}},"7":{"start":{"line":32,"column":20},"end":{"line":32,"column":null}},"8":{"start":{"line":33,"column":4},"end":{"line":33,"column":null}},"9":{"start":{"line":33,"column":18},"end":{"line":33,"column":null}},"10":{"start":{"line":34,"column":33},"end":{"line":39,"column":null}},"11":{"start":{"line":40,"column":4},"end":{"line":40,"column":null}},"12":{"start":{"line":40,"column":16},"end":{"line":40,"column":55}},"13":{"start":{"line":43,"column":18},"end":{"line":43,"column":null}},"14":{"start":{"line":44,"column":4},"end":{"line":55,"column":null}},"15":{"start":{"line":46,"column":27},"end":{"line":46,"column":null}},"16":{"start":{"line":48,"column":34},"end":{"line":53,"column":null}},"17":{"start":{"line":54,"column":6},"end":{"line":54,"column":null}}},"fnMap":{"0":{"name":"uuid","decl":{"start":{"line":12,"column":9},"end":{"line":12,"column":16}},"loc":{"start":{"line":12,"column":16},"end":{"line":14,"column":null}},"line":12},"1":{"name":"(anonymous_1)","decl":{"start":{"line":25,"column":46},"end":{"line":25,"column":47}},"loc":{"start":{"line":25,"column":61},"end":{"line":57,"column":2}},"line":25},"2":{"name":"(anonymous_2)","decl":{"start":{"line":28,"column":8},"end":{"line":28,"column":14}},"loc":{"start":{"line":28,"column":14},"end":{"line":28,"column":null}},"line":28},"3":{"name":"(anonymous_3)","decl":{"start":{"line":29,"column":9},"end":{"line":29,"column":15}},"loc":{"start":{"line":29,"column":15},"end":{"line":29,"column":null}},"line":29},"4":{"name":"(anonymous_4)","decl":{"start":{"line":30,"column":9},"end":{"line":30,"column":15}},"loc":{"start":{"line":30,"column":15},"end":{"line":30,"column":null}},"line":30},"5":{"name":"(anonymous_5)","decl":{"start":{"line":31,"column":19},"end":{"line":31,"column":20}},"loc":{"start":{"line":31,"column":37},"end":{"line":56,"column":null}},"line":31},"6":{"name":"(anonymous_6)","decl":{"start":{"line":40,"column":8},"end":{"line":40,"column":9}},"loc":{"start":{"line":40,"column":16},"end":{"line":40,"column":55}},"line":40},"7":{"name":"(anonymous_7)","decl":{"start":{"line":44,"column":15},"end":{"line":44,"column":21}},"loc":{"start":{"line":44,"column":21},"end":{"line":55,"column":7}},"line":44}},"branchMap":{"0":{"loc":{"start":{"line":33,"column":4},"end":{"line":33,"column":null}},"type":"if","locations":[{"start":{"line":33,"column":4},"end":{"line":33,"column":null}},{"start":{},"end":{}}],"line":33}},"s":{"0":5,"1":9,"2":5,"3":5,"4":2,"5":1,"6":1,"7":6,"8":6,"9":0,"10":6,"11":6,"12":6,"13":6,"14":6,"15":3,"16":3,"17":3},"f":{"0":9,"1":5,"2":2,"3":1,"4":1,"5":6,"6":6,"7":3},"b":{"0":[0,6]},"meta":{"lastBranch":1,"lastFunction":8,"lastStatement":18,"seen":{"s:4:20:10:Infinity":0,"f:12:9:12:16":0,"s:13:2:13:Infinity":1,"s:25:13:57:Infinity":2,"f:25:46:25:47":1,"s:25:61:57:2":3,"f:28:8:28:14":2,"s:28:14:28:Infinity":4,"f:29:9:29:15":3,"s:29:15:29:Infinity":5,"f:30:9:30:15":4,"s:30:15:30:Infinity":6,"f:31:19:31:20":5,"s:32:20:32:Infinity":7,"b:33:4:33:Infinity:undefined:undefined:undefined:undefined":0,"s:33:4:33:Infinity":8,"s:33:18:33:Infinity":9,"s:34:33:39:Infinity":10,"s:40:4:40:Infinity":11,"f:40:8:40:9":6,"s:40:16:40:55":12,"s:43:18:43:Infinity":13,"s:44:4:55:Infinity":14,"f:44:15:44:21":7,"s:46:27:46:Infinity":15,"s:48:34:53:Infinity":16,"s:54:6:54:Infinity":17}}}
,"/Users/rto/work/chatbot-web/src/store/search.ts": {"path":"/Users/rto/work/chatbot-web/src/store/search.ts","statementMap":{"0":{"start":{"line":9,"column":13},"end":{"line":13,"column":null}},"1":{"start":{"line":9,"column":60},"end":{"line":13,"column":2}},"2":{"start":{"line":11,"column":23},"end":{"line":11,"column":null}},"3":{"start":{"line":12,"column":15},"end":{"line":12,"column":null}}},"fnMap":{"0":{"name":"(anonymous_0)","decl":{"start":{"line":9,"column":50},"end":{"line":9,"column":51}},"loc":{"start":{"line":9,"column":60},"end":{"line":13,"column":2}},"line":9},"1":{"name":"(anonymous_1)","decl":{"start":{"line":11,"column":12},"end":{"line":11,"column":13}},"loc":{"start":{"line":11,"column":23},"end":{"line":11,"column":null}},"line":11},"2":{"name":"(anonymous_2)","decl":{"start":{"line":12,"column":9},"end":{"line":12,"column":15}},"loc":{"start":{"line":12,"column":15},"end":{"line":12,"column":null}},"line":12}},"branchMap":{},"s":{"0":4,"1":4,"2":33,"3":2},"f":{"0":4,"1":33,"2":2},"b":{},"meta":{"lastBranch":0,"lastFunction":3,"lastStatement":4,"seen":{"s:9:13:13:Infinity":0,"f:9:50:9:51":0,"s:9:60:13:2":1,"f:11:12:11:13":1,"s:11:23:11:Infinity":2,"f:12:9:12:15":2,"s:12:15:12:Infinity":3}}}
,"/Users/rto/work/chatbot-web/src/store/ui.ts": {"path":"/Users/rto/work/chatbot-web/src/store/ui.ts","statementMap":{"0":{"start":{"line":9,"column":13},"end":{"line":13,"column":null}},"1":{"start":{"line":9,"column":52},"end":{"line":13,"column":2}},"2":{"start":{"line":11,"column":22},"end":{"line":11,"column":null}},"3":{"start":{"line":12,"column":23},"end":{"line":12,"column":null}},"4":{"start":{"line":12,"column":35},"end":{"line":12,"column":67}}},"fnMap":{"0":{"name":"(anonymous_0)","decl":{"start":{"line":9,"column":42},"end":{"line":9,"column":43}},"loc":{"start":{"line":9,"column":52},"end":{"line":13,"column":2}},"line":9},"1":{"name":"(anonymous_1)","decl":{"start":{"line":11,"column":16},"end":{"line":11,"column":22}},"loc":{"start":{"line":11,"column":22},"end":{"line":11,"column":null}},"line":11},"2":{"name":"(anonymous_2)","decl":{"start":{"line":12,"column":17},"end":{"line":12,"column":23}},"loc":{"start":{"line":12,"column":23},"end":{"line":12,"column":null}},"line":12},"3":{"name":"(anonymous_3)","decl":{"start":{"line":12,"column":27},"end":{"line":12,"column":28}},"loc":{"start":{"line":12,"column":35},"end":{"line":12,"column":67}},"line":12}},"branchMap":{},"s":{"0":4,"1":4,"2":1,"3":0,"4":0},"f":{"0":4,"1":1,"2":0,"3":0},"b":{},"meta":{"lastBranch":0,"lastFunction":4,"lastStatement":5,"seen":{"s:9:13:13:Infinity":0,"f:9:42:9:43":0,"s:9:52:13:2":1,"f:11:16:11:22":1,"s:11:22:11:Infinity":2,"f:12:17:12:23":2,"s:12:23:12:Infinity":3,"f:12:27:12:28":3,"s:12:35:12:67":4}}}
}
